source:
	/tmp/apk-mitm-2a008442b6c559a7cdfad7270b0fb542
zipalign location: BUILT_IN 
	/tmp/uapksigner-7426218349413465914/linux-zipalign-33_0_215023375520911061856.tmp
keystore:
	[0] 161a0018 /tmp/temp_13218247373990408478_debug.keystore (DEBUG_EMBEDDED)

01. tmp.apk

	SIGN
	file: /tmp/apk-mitm-2a008442b6c559a7cdfad7270b0fb542/tmp.apk (11.6 MiB)
	checksum: b7607cf588070459d1aaaf56bf297ece2681cf06ee20154a8a3589ee87b0c3f2 (sha256)
	- zipalign success
	- sign success

	VERIFY
	file: /tmp/apk-mitm-2a008442b6c559a7cdfad7270b0fb542/tmp.apk (11.64 MiB)
	checksum: d6f8e2de650f5821b5f6cdb097e519f0b76a59df3e9baff32cb6f2bb7833c42a (sha256)
	- zipalign verified
	- signature verified [v1, v2, v3]
		Subject: CN=Android Debug, OU=Android, O=US, L=US, ST=US, C=US
		SHA256: 1e08a903aef9c3a721510b64ec764d01d3d094eb954161b62544ea8f187b5953 / SHA256withRSA
		Expires: Thu Mar 10 20:10:05 UTC 2044

[Sun Nov 09 04:33:51 UTC 2025][v1.3.0]
Successfully processed 1 APKs and 0 errors in 1.50 seconds.
