I: Using Apktool 2.9.3 on ola_lite.apk
I: Loading resource table...
I: Decoding file-resources...
I: Loading resource table from file: /tmp/apk-mitm-aa0e2b1a07129132ad29979ca4297b29/framework/1.apk
W: Cant find 9patch chunk in file: "drawable-xhdpi-v4/common_google_signin_btn_icon_dark_normal_background.9.png". Renaming it to *.png.
W: Cant find 9patch chunk in file: "drawable-hdpi-v4/common_google_signin_btn_text_light_normal_background.9.png". Renaming it to *.png.
W: Cant find 9patch chunk in file: "drawable-mdpi-v4/common_google_signin_btn_text_dark_normal_background.9.png". Renaming it to *.png.
W: Cant find 9patch chunk in file: "drawable-xxhdpi-v4/common_google_signin_btn_text_dark_normal_background.9.png". Renaming it to *.png.
W: Cant find 9patch chunk in file: "drawable-xhdpi-v4/common_google_signin_btn_text_dark_normal_background.9.png". Renaming it to *.png.
W: Cant find 9patch chunk in file: "drawable-mdpi-v4/common_google_signin_btn_icon_dark_normal_background.9.png". Renaming it to *.png.
W: Cant find 9patch chunk in file: "drawable-mdpi-v4/common_google_signin_btn_text_light_normal_background.9.png". Renaming it to *.png.
W: Cant find 9patch chunk in file: "drawable-xhdpi-v4/common_google_signin_btn_text_light_normal_background.9.png". Renaming it to *.png.
W: Cant find 9patch chunk in file: "drawable-hdpi-v4/common_google_signin_btn_icon_dark_normal_background.9.png". Renaming it to *.png.
W: Cant find 9patch chunk in file: "drawable-xxhdpi-v4/common_google_signin_btn_icon_dark_normal_background.9.png". Renaming it to *.png.
W: Cant find 9patch chunk in file: "drawable-xhdpi-v4/common_google_signin_btn_icon_light_normal_background.9.png". Renaming it to *.png.
W: Cant find 9patch chunk in file: "drawable-xxhdpi-v4/common_google_signin_btn_text_light_normal_background.9.png". Renaming it to *.png.
W: Cant find 9patch chunk in file: "drawable-hdpi-v4/common_google_signin_btn_icon_light_normal_background.9.png". Renaming it to *.png.
W: Cant find 9patch chunk in file: "drawable-hdpi-v4/common_google_signin_btn_text_dark_normal_background.9.png". Renaming it to *.png.
W: Cant find 9patch chunk in file: "drawable-xxhdpi-v4/common_google_signin_btn_icon_light_normal_background.9.png". Renaming it to *.png.
W: Cant find 9patch chunk in file: "drawable-mdpi-v4/common_google_signin_btn_icon_light_normal_background.9.png". Renaming it to *.png.
I: Decoding values */* XMLs...
I: Decoding AndroidManifest.xml with resources...
I: Regular manifest package...
I: Baksmaling classes.dex...
I: Copying assets and libs...
I: Copying unknown files...
I: Copying original files...
